{"/Users/kevinomede/Desktop/sendit/src/assets/css/signin.css": {"path":"/Users/kevinomede/Desktop/sendit/src/assets/css/signin.css","statementMap":{"0":{"start":{"line":1,"column":0},"end":{"line":1,"column":19}}},"fnMap":{},"branchMap":{},"s":{"0":2},"f":{},"b":{},"_coverageSchema":"43e27e138ebf9cfc5966b082cf9a028302ed4184","hash":"d0241e919488c2ed7a6970bd76b8441f120a3c97"}
,"/Users/kevinomede/Desktop/sendit/src/assets/css/style.css": {"path":"/Users/kevinomede/Desktop/sendit/src/assets/css/style.css","statementMap":{"0":{"start":{"line":1,"column":0},"end":{"line":1,"column":19}}},"fnMap":{},"branchMap":{},"s":{"0":3},"f":{},"b":{},"_coverageSchema":"43e27e138ebf9cfc5966b082cf9a028302ed4184","hash":"0fa9cca30d8ab28e65837d91a43e7dd3cbd685bf"}
,"/Users/kevinomede/Desktop/sendit/src/assets/images/top.PNG": {"path":"/Users/kevinomede/Desktop/sendit/src/assets/images/top.PNG","statementMap":{"0":{"start":{"line":1,"column":0},"end":{"line":1,"column":19}}},"fnMap":{},"branchMap":{},"s":{"0":1},"f":{},"b":{},"_coverageSchema":"43e27e138ebf9cfc5966b082cf9a028302ed4184","hash":"290d9618f2e96bab857f9ea3f65f67708a5c997f"}
,"/Users/kevinomede/Desktop/sendit/src/components/EditParcel.jsx": {"path":"/Users/kevinomede/Desktop/sendit/src/components/EditParcel.jsx","statementMap":{"0":{"start":{"line":16,"column":4},"end":{"line":16,"column":23}},"1":{"start":{"line":17,"column":54},"end":{"line":17,"column":64}},"2":{"start":{"line":18,"column":4},"end":{"line":45,"column":5}},"3":{"start":{"line":19,"column":6},"end":{"line":31,"column":7}},"4":{"start":{"line":20,"column":8},"end":{"line":20,"column":86}},"5":{"start":{"line":23,"column":21},"end":{"line":27,"column":9}},"6":{"start":{"line":28,"column":8},"end":{"line":28,"column":36}},"7":{"start":{"line":29,"column":8},"end":{"line":29,"column":85}},"8":{"start":{"line":34,"column":6},"end":{"line":44,"column":7}},"9":{"start":{"line":35,"column":8},"end":{"line":35,"column":67}},"10":{"start":{"line":38,"column":21},"end":{"line":40,"column":9}},"11":{"start":{"line":41,"column":8},"end":{"line":41,"column":36}},"12":{"start":{"line":42,"column":8},"end":{"line":42,"column":85}},"13":{"start":{"line":50,"column":4},"end":{"line":50,"column":52}},"14":{"start":{"line":53,"column":4},"end":{"line":87,"column":7}},"15":{"start":{"line":91,"column":0},"end":{"line":96,"column":1}}},"fnMap":{"0":{"name":"(anonymous_0)","decl":{"start":{"line":15,"column":17},"end":{"line":15,"column":18}},"loc":{"start":{"line":15,"column":30},"end":{"line":47,"column":3}},"line":15},"1":{"name":"(anonymous_1)","decl":{"start":{"line":49,"column":17},"end":{"line":49,"column":18}},"loc":{"start":{"line":49,"column":24},"end":{"line":51,"column":3}},"line":49},"2":{"name":"(anonymous_2)","decl":{"start":{"line":52,"column":2},"end":{"line":52,"column":3}},"loc":{"start":{"line":52,"column":11},"end":{"line":88,"column":3}},"line":52}},"branchMap":{"0":{"loc":{"start":{"line":18,"column":4},"end":{"line":45,"column":5}},"type":"if","locations":[{"start":{"line":18,"column":4},"end":{"line":45,"column":5}},{"start":{"line":18,"column":4},"end":{"line":45,"column":5}}],"line":18},"1":{"loc":{"start":{"line":19,"column":6},"end":{"line":31,"column":7}},"type":"if","locations":[{"start":{"line":19,"column":6},"end":{"line":31,"column":7}},{"start":{"line":19,"column":6},"end":{"line":31,"column":7}}],"line":19},"2":{"loc":{"start":{"line":19,"column":9},"end":{"line":19,"column":44}},"type":"binary-expr","locations":[{"start":{"line":19,"column":9},"end":{"line":19,"column":26}},{"start":{"line":19,"column":30},"end":{"line":19,"column":34}},{"start":{"line":19,"column":38},"end":{"line":19,"column":44}}],"line":19},"3":{"loc":{"start":{"line":34,"column":6},"end":{"line":44,"column":7}},"type":"if","locations":[{"start":{"line":34,"column":6},"end":{"line":44,"column":7}},{"start":{"line":34,"column":6},"end":{"line":44,"column":7}}],"line":34},"4":{"loc":{"start":{"line":56,"column":12},"end":{"line":78,"column":13}},"type":"cond-expr","locations":[{"start":{"line":56,"column":48},"end":{"line":68,"column":13}},{"start":{"line":68,"column":16},"end":{"line":78,"column":13}}],"line":56},"5":{"loc":{"start":{"line":80,"column":12},"end":{"line":80,"column":84}},"type":"binary-expr","locations":[{"start":{"line":80,"column":12},"end":{"line":80,"column":28}},{"start":{"line":80,"column":32},"end":{"line":80,"column":84}}],"line":80}},"s":{"0":0,"1":0,"2":0,"3":0,"4":0,"5":0,"6":0,"7":0,"8":0,"9":0,"10":0,"11":0,"12":0,"13":4,"14":7,"15":2},"f":{"0":0,"1":4,"2":7},"b":{"0":[0,0],"1":[0,0],"2":[0,0,0],"3":[0,0],"4":[7,0],"5":[7,0]},"_coverageSchema":"43e27e138ebf9cfc5966b082cf9a028302ed4184","hash":"86232016f515236b5a591d5c92cd4b5433eafe07"}
,"/Users/kevinomede/Desktop/sendit/src/components/ListUser.jsx": {"path":"/Users/kevinomede/Desktop/sendit/src/components/ListUser.jsx","statementMap":{"0":{"start":{"line":17,"column":4},"end":{"line":17,"column":79}},"1":{"start":{"line":20,"column":4},"end":{"line":20,"column":63}},"2":{"start":{"line":24,"column":4},"end":{"line":24,"column":62}},"3":{"start":{"line":28,"column":22},"end":{"line":28,"column":32}},"4":{"start":{"line":31,"column":6},"end":{"line":38,"column":12}},"5":{"start":{"line":41,"column":4},"end":{"line":98,"column":6}},"6":{"start":{"line":57,"column":16},"end":{"line":80,"column":21}},"7":{"start":{"line":74,"column":41},"end":{"line":74,"column":69}},"8":{"start":{"line":102,"column":0},"end":{"line":105,"column":1}}},"fnMap":{"0":{"name":"(anonymous_0)","decl":{"start":{"line":16,"column":17},"end":{"line":16,"column":18}},"loc":{"start":{"line":16,"column":29},"end":{"line":18,"column":3}},"line":16},"1":{"name":"(anonymous_1)","decl":{"start":{"line":19,"column":19},"end":{"line":19,"column":20}},"loc":{"start":{"line":19,"column":27},"end":{"line":21,"column":3}},"line":19},"2":{"name":"(anonymous_2)","decl":{"start":{"line":23,"column":15},"end":{"line":23,"column":16}},"loc":{"start":{"line":23,"column":21},"end":{"line":25,"column":3}},"line":23},"3":{"name":"(anonymous_3)","decl":{"start":{"line":27,"column":2},"end":{"line":27,"column":3}},"loc":{"start":{"line":27,"column":11},"end":{"line":99,"column":3}},"line":27},"4":{"name":"(anonymous_4)","decl":{"start":{"line":56,"column":26},"end":{"line":56,"column":27}},"loc":{"start":{"line":57,"column":16},"end":{"line":80,"column":21}},"line":57},"5":{"name":"(anonymous_5)","decl":{"start":{"line":74,"column":35},"end":{"line":74,"column":36}},"loc":{"start":{"line":74,"column":41},"end":{"line":74,"column":69}},"line":74}},"branchMap":{"0":{"loc":{"start":{"line":60,"column":42},"end":{"line":60,"column":76}},"type":"binary-expr","locations":[{"start":{"line":60,"column":42},"end":{"line":60,"column":57}},{"start":{"line":60,"column":61},"end":{"line":60,"column":76}}],"line":60},"1":{"loc":{"start":{"line":72,"column":22},"end":{"line":77,"column":25}},"type":"binary-expr","locations":[{"start":{"line":72,"column":22},"end":{"line":72,"column":36}},{"start":{"line":72,"column":40},"end":{"line":77,"column":25}}],"line":72}},"s":{"0":1,"1":2,"2":1,"3":4,"4":4,"5":4,"6":8,"7":1,"8":1},"f":{"0":1,"1":2,"2":1,"3":4,"4":8,"5":1},"b":{"0":[8,8],"1":[8,4]},"_coverageSchema":"43e27e138ebf9cfc5966b082cf9a028302ed4184","hash":"871775be159c7dc94f97061910d50a2d3ed17ee7"}
,"/Users/kevinomede/Desktop/sendit/src/components/LoginPage.jsx": {"path":"/Users/kevinomede/Desktop/sendit/src/components/LoginPage.jsx","statementMap":{"0":{"start":{"line":4,"column":18},"end":{"line":12,"column":1}},"1":{"start":{"line":5,"column":2},"end":{"line":11,"column":4}}},"fnMap":{"0":{"name":"(anonymous_0)","decl":{"start":{"line":4,"column":18},"end":{"line":4,"column":19}},"loc":{"start":{"line":4,"column":24},"end":{"line":12,"column":1}},"line":4}},"branchMap":{},"s":{"0":1,"1":1},"f":{"0":1},"b":{},"_coverageSchema":"43e27e138ebf9cfc5966b082cf9a028302ed4184","hash":"c9ec1416b2c1c4d5a895de3eec678e1c24444a6d"}
,"/Users/kevinomede/Desktop/sendit/src/components/ParcelItem.jsx": {"path":"/Users/kevinomede/Desktop/sendit/src/components/ParcelItem.jsx","statementMap":{"0":{"start":{"line":5,"column":19},"end":{"line":39,"column":1}},"1":{"start":{"line":6,"column":2},"end":{"line":38,"column":4}},"2":{"start":{"line":41,"column":0},"end":{"line":43,"column":1}}},"fnMap":{"0":{"name":"(anonymous_0)","decl":{"start":{"line":5,"column":19},"end":{"line":5,"column":20}},"loc":{"start":{"line":5,"column":35},"end":{"line":39,"column":1}},"line":5}},"branchMap":{"0":{"loc":{"start":{"line":27,"column":16},"end":{"line":27,"column":57}},"type":"cond-expr","locations":[{"start":{"line":27,"column":35},"end":{"line":27,"column":46}},{"start":{"line":27,"column":49},"end":{"line":27,"column":57}}],"line":27}},"s":{"0":2,"1":2,"2":2},"f":{"0":2},"b":{"0":[1,1]},"_coverageSchema":"43e27e138ebf9cfc5966b082cf9a028302ed4184","hash":"724c99e475d0542485f4c52696ee22a3ba59900c"}
,"/Users/kevinomede/Desktop/sendit/src/components/ProfilePage.jsx": {"path":"/Users/kevinomede/Desktop/sendit/src/components/ProfilePage.jsx","statementMap":{"0":{"start":{"line":14,"column":4},"end":{"line":19,"column":5}},"1":{"start":{"line":15,"column":22},"end":{"line":15,"column":63}},"2":{"start":{"line":16,"column":41},"end":{"line":16,"column":51}},"3":{"start":{"line":17,"column":6},"end":{"line":17,"column":23}},"4":{"start":{"line":18,"column":6},"end":{"line":18,"column":26}},"5":{"start":{"line":24,"column":29},"end":{"line":24,"column":39}},"6":{"start":{"line":25,"column":28},"end":{"line":25,"column":91}},"7":{"start":{"line":25,"column":54},"end":{"line":25,"column":83}},"8":{"start":{"line":26,"column":29},"end":{"line":26,"column":92}},"9":{"start":{"line":26,"column":55},"end":{"line":26,"column":84}},"10":{"start":{"line":27,"column":4},"end":{"line":85,"column":6}},"11":{"start":{"line":89,"column":0},"end":{"line":93,"column":1}},"12":{"start":{"line":94,"column":24},"end":{"line":98,"column":2}},"13":{"start":{"line":94,"column":34},"end":{"line":98,"column":1}}},"fnMap":{"0":{"name":"(anonymous_0)","decl":{"start":{"line":13,"column":2},"end":{"line":13,"column":3}},"loc":{"start":{"line":13,"column":22},"end":{"line":21,"column":3}},"line":13},"1":{"name":"(anonymous_1)","decl":{"start":{"line":23,"column":2},"end":{"line":23,"column":3}},"loc":{"start":{"line":23,"column":11},"end":{"line":86,"column":3}},"line":23},"2":{"name":"(anonymous_2)","decl":{"start":{"line":25,"column":44},"end":{"line":25,"column":45}},"loc":{"start":{"line":25,"column":54},"end":{"line":25,"column":83}},"line":25},"3":{"name":"(anonymous_3)","decl":{"start":{"line":26,"column":45},"end":{"line":26,"column":46}},"loc":{"start":{"line":26,"column":55},"end":{"line":26,"column":84}},"line":26},"4":{"name":"(anonymous_4)","decl":{"start":{"line":94,"column":24},"end":{"line":94,"column":25}},"loc":{"start":{"line":94,"column":34},"end":{"line":98,"column":1}},"line":94}},"branchMap":{"0":{"loc":{"start":{"line":14,"column":4},"end":{"line":19,"column":5}},"type":"if","locations":[{"start":{"line":14,"column":4},"end":{"line":19,"column":5}},{"start":{"line":14,"column":4},"end":{"line":19,"column":5}}],"line":14}},"s":{"0":2,"1":0,"2":0,"3":0,"4":0,"5":1,"6":1,"7":2,"8":1,"9":2,"10":1,"11":1,"12":1,"13":0},"f":{"0":2,"1":1,"2":2,"3":2,"4":0},"b":{"0":[0,2]},"_coverageSchema":"43e27e138ebf9cfc5966b082cf9a028302ed4184","hash":"29a320b3c4657285843be8982f293f1e3332c35a"}
,"/Users/kevinomede/Desktop/sendit/src/components/RegisterPage.jsx": {"path":"/Users/kevinomede/Desktop/sendit/src/components/RegisterPage.jsx","statementMap":{"0":{"start":{"line":6,"column":21},"end":{"line":14,"column":1}},"1":{"start":{"line":7,"column":2},"end":{"line":12,"column":12}}},"fnMap":{"0":{"name":"(anonymous_0)","decl":{"start":{"line":6,"column":21},"end":{"line":6,"column":22}},"loc":{"start":{"line":7,"column":2},"end":{"line":12,"column":12}},"line":7}},"branchMap":{},"s":{"0":1,"1":1},"f":{"0":1},"b":{},"_coverageSchema":"43e27e138ebf9cfc5966b082cf9a028302ed4184","hash":"260207e049174728a032087a0f862e6307af119e"}
,"/Users/kevinomede/Desktop/sendit/src/components/UserParcelsList.jsx": {"path":"/Users/kevinomede/Desktop/sendit/src/components/UserParcelsList.jsx","statementMap":{"0":{"start":{"line":16,"column":38},"end":{"line":19,"column":3}},"1":{"start":{"line":17,"column":4},"end":{"line":17,"column":41}},"2":{"start":{"line":18,"column":4},"end":{"line":18,"column":66}},"3":{"start":{"line":21,"column":4},"end":{"line":21,"column":80}},"4":{"start":{"line":24,"column":4},"end":{"line":24,"column":87}},"5":{"start":{"line":28,"column":4},"end":{"line":28,"column":85}},"6":{"start":{"line":32,"column":4},"end":{"line":32,"column":62}},"7":{"start":{"line":35,"column":58},"end":{"line":35,"column":68}},"8":{"start":{"line":36,"column":29},"end":{"line":36,"column":39}},"9":{"start":{"line":39,"column":6},"end":{"line":45,"column":12}},"10":{"start":{"line":49,"column":4},"end":{"line":66,"column":5}},"11":{"start":{"line":50,"column":6},"end":{"line":50,"column":47}},"12":{"start":{"line":52,"column":9},"end":{"line":66,"column":5}},"13":{"start":{"line":53,"column":6},"end":{"line":58,"column":12}},"14":{"start":{"line":61,"column":9},"end":{"line":66,"column":5}},"15":{"start":{"line":62,"column":6},"end":{"line":62,"column":30}},"16":{"start":{"line":65,"column":6},"end":{"line":65,"column":21}},"17":{"start":{"line":69,"column":4},"end":{"line":77,"column":5}},"18":{"start":{"line":70,"column":6},"end":{"line":70,"column":31}},"19":{"start":{"line":72,"column":9},"end":{"line":77,"column":5}},"20":{"start":{"line":73,"column":6},"end":{"line":73,"column":37}},"21":{"start":{"line":76,"column":6},"end":{"line":76,"column":36}},"22":{"start":{"line":79,"column":4},"end":{"line":146,"column":6}},"23":{"start":{"line":98,"column":16},"end":{"line":121,"column":21}},"24":{"start":{"line":112,"column":37},"end":{"line":112,"column":76}},"25":{"start":{"line":116,"column":37},"end":{"line":116,"column":78}},"26":{"start":{"line":150,"column":0},"end":{"line":154,"column":1}},"27":{"start":{"line":156,"column":24},"end":{"line":159,"column":2}},"28":{"start":{"line":156,"column":34},"end":{"line":159,"column":1}}},"fnMap":{"0":{"name":"(anonymous_0)","decl":{"start":{"line":16,"column":24},"end":{"line":16,"column":25}},"loc":{"start":{"line":16,"column":38},"end":{"line":19,"column":3}},"line":16},"1":{"name":"(anonymous_1)","decl":{"start":{"line":16,"column":38},"end":{"line":16,"column":39}},"loc":{"start":{"line":16,"column":51},"end":{"line":19,"column":3}},"line":16},"2":{"name":"(anonymous_2)","decl":{"start":{"line":20,"column":23},"end":{"line":20,"column":24}},"loc":{"start":{"line":20,"column":35},"end":{"line":22,"column":3}},"line":20},"3":{"name":"(anonymous_3)","decl":{"start":{"line":23,"column":20},"end":{"line":23,"column":21}},"loc":{"start":{"line":23,"column":28},"end":{"line":25,"column":3}},"line":23},"4":{"name":"(anonymous_4)","decl":{"start":{"line":27,"column":18},"end":{"line":27,"column":19}},"loc":{"start":{"line":27,"column":26},"end":{"line":29,"column":3}},"line":27},"5":{"name":"(anonymous_5)","decl":{"start":{"line":31,"column":15},"end":{"line":31,"column":16}},"loc":{"start":{"line":31,"column":21},"end":{"line":33,"column":3}},"line":31},"6":{"name":"(anonymous_6)","decl":{"start":{"line":34,"column":2},"end":{"line":34,"column":3}},"loc":{"start":{"line":34,"column":11},"end":{"line":147,"column":3}},"line":34},"7":{"name":"(anonymous_7)","decl":{"start":{"line":97,"column":28},"end":{"line":97,"column":29}},"loc":{"start":{"line":98,"column":16},"end":{"line":121,"column":21}},"line":98},"8":{"name":"(anonymous_8)","decl":{"start":{"line":112,"column":31},"end":{"line":112,"column":32}},"loc":{"start":{"line":112,"column":37},"end":{"line":112,"column":76}},"line":112},"9":{"name":"(anonymous_9)","decl":{"start":{"line":116,"column":31},"end":{"line":116,"column":32}},"loc":{"start":{"line":116,"column":37},"end":{"line":116,"column":78}},"line":116},"10":{"name":"(anonymous_10)","decl":{"start":{"line":156,"column":24},"end":{"line":156,"column":25}},"loc":{"start":{"line":156,"column":34},"end":{"line":159,"column":1}},"line":156}},"branchMap":{"0":{"loc":{"start":{"line":49,"column":4},"end":{"line":66,"column":5}},"type":"if","locations":[{"start":{"line":49,"column":4},"end":{"line":66,"column":5}},{"start":{"line":49,"column":4},"end":{"line":66,"column":5}}],"line":49},"1":{"loc":{"start":{"line":52,"column":9},"end":{"line":66,"column":5}},"type":"if","locations":[{"start":{"line":52,"column":9},"end":{"line":66,"column":5}},{"start":{"line":52,"column":9},"end":{"line":66,"column":5}}],"line":52},"2":{"loc":{"start":{"line":61,"column":9},"end":{"line":66,"column":5}},"type":"if","locations":[{"start":{"line":61,"column":9},"end":{"line":66,"column":5}},{"start":{"line":61,"column":9},"end":{"line":66,"column":5}}],"line":61},"3":{"loc":{"start":{"line":69,"column":4},"end":{"line":77,"column":5}},"type":"if","locations":[{"start":{"line":69,"column":4},"end":{"line":77,"column":5}},{"start":{"line":69,"column":4},"end":{"line":77,"column":5}}],"line":69},"4":{"loc":{"start":{"line":72,"column":9},"end":{"line":77,"column":5}},"type":"if","locations":[{"start":{"line":72,"column":9},"end":{"line":77,"column":5}},{"start":{"line":72,"column":9},"end":{"line":77,"column":5}}],"line":72},"5":{"loc":{"start":{"line":105,"column":23},"end":{"line":105,"column":64}},"type":"cond-expr","locations":[{"start":{"line":105,"column":42},"end":{"line":105,"column":53}},{"start":{"line":105,"column":56},"end":{"line":105,"column":64}}],"line":105},"6":{"loc":{"start":{"line":128,"column":16},"end":{"line":128,"column":56}},"type":"cond-expr","locations":[{"start":{"line":128,"column":45},"end":{"line":128,"column":49}},{"start":{"line":128,"column":52},"end":{"line":128,"column":56}}],"line":128},"7":{"loc":{"start":{"line":136,"column":14},"end":{"line":142,"column":15}},"type":"binary-expr","locations":[{"start":{"line":136,"column":14},"end":{"line":136,"column":40}},{"start":{"line":137,"column":16},"end":{"line":141,"column":27}}],"line":136}},"s":{"0":21,"1":1,"2":1,"3":1,"4":1,"5":1,"6":1,"7":5,"8":5,"9":5,"10":5,"11":1,"12":4,"13":1,"14":3,"15":1,"16":2,"17":5,"18":1,"19":4,"20":1,"21":3,"22":5,"23":10,"24":1,"25":1,"26":1,"27":1,"28":0},"f":{"0":21,"1":1,"2":1,"3":1,"4":1,"5":1,"6":5,"7":10,"8":1,"9":1,"10":0},"b":{"0":[1,4],"1":[1,3],"2":[1,2],"3":[1,4],"4":[1,3],"5":[5,5],"6":[1,4],"7":[5,1]},"_coverageSchema":"43e27e138ebf9cfc5966b082cf9a028302ed4184","hash":"9250701011c6a099e1fad72f134192a5a0a0bb87"}
,"/Users/kevinomede/Desktop/sendit/src/components/common/Aside.jsx": {"path":"/Users/kevinomede/Desktop/sendit/src/components/common/Aside.jsx","statementMap":{"0":{"start":{"line":5,"column":4},"end":{"line":27,"column":12}}},"fnMap":{"0":{"name":"(anonymous_0)","decl":{"start":{"line":4,"column":15},"end":{"line":4,"column":16}},"loc":{"start":{"line":5,"column":4},"end":{"line":27,"column":12}},"line":5}},"branchMap":{},"s":{"0":1},"f":{"0":1},"b":{},"_coverageSchema":"43e27e138ebf9cfc5966b082cf9a028302ed4184","hash":"0ff8a3426ee24e3db7d1b9f032f7f22bbd0448a3"}
,"/Users/kevinomede/Desktop/sendit/src/components/container/LoginFormContainer.jsx": {"path":"/Users/kevinomede/Desktop/sendit/src/components/container/LoginFormContainer.jsx","statementMap":{"0":{"start":{"line":17,"column":4},"end":{"line":17,"column":52}},"1":{"start":{"line":21,"column":4},"end":{"line":21,"column":23}},"2":{"start":{"line":22,"column":4},"end":{"line":22,"column":101}},"3":{"start":{"line":26,"column":4},"end":{"line":28,"column":5}},"4":{"start":{"line":27,"column":6},"end":{"line":27,"column":58}},"5":{"start":{"line":29,"column":4},"end":{"line":31,"column":1}},"6":{"start":{"line":30,"column":6},"end":{"line":30,"column":43}},"7":{"start":{"line":34,"column":32},"end":{"line":34,"column":42}},"8":{"start":{"line":35,"column":45},"end":{"line":35,"column":60}},"9":{"start":{"line":36,"column":4},"end":{"line":77,"column":6}},"10":{"start":{"line":81,"column":24},"end":{"line":83,"column":3}},"11":{"start":{"line":81,"column":34},"end":{"line":83,"column":2}}},"fnMap":{"0":{"name":"(anonymous_0)","decl":{"start":{"line":16,"column":17},"end":{"line":16,"column":18}},"loc":{"start":{"line":16,"column":24},"end":{"line":18,"column":3}},"line":16},"1":{"name":"(anonymous_1)","decl":{"start":{"line":20,"column":17},"end":{"line":20,"column":18}},"loc":{"start":{"line":20,"column":24},"end":{"line":23,"column":3}},"line":20},"2":{"name":"(anonymous_2)","decl":{"start":{"line":25,"column":2},"end":{"line":25,"column":3}},"loc":{"start":{"line":25,"column":38},"end":{"line":32,"column":3}},"line":25},"3":{"name":"(anonymous_3)","decl":{"start":{"line":33,"column":2},"end":{"line":33,"column":3}},"loc":{"start":{"line":33,"column":11},"end":{"line":78,"column":3}},"line":33},"4":{"name":"(anonymous_4)","decl":{"start":{"line":81,"column":24},"end":{"line":81,"column":25}},"loc":{"start":{"line":81,"column":34},"end":{"line":83,"column":2}},"line":81}},"branchMap":{"0":{"loc":{"start":{"line":26,"column":4},"end":{"line":28,"column":5}},"type":"if","locations":[{"start":{"line":26,"column":4},"end":{"line":28,"column":5}},{"start":{"line":26,"column":4},"end":{"line":28,"column":5}}],"line":26},"1":{"loc":{"start":{"line":29,"column":4},"end":{"line":31,"column":1}},"type":"if","locations":[{"start":{"line":29,"column":4},"end":{"line":31,"column":1}},{"start":{"line":29,"column":4},"end":{"line":31,"column":1}}],"line":29},"2":{"loc":{"start":{"line":39,"column":12},"end":{"line":39,"column":73}},"type":"binary-expr","locations":[{"start":{"line":39,"column":12},"end":{"line":39,"column":22}},{"start":{"line":39,"column":26},"end":{"line":39,"column":73}}],"line":39},"3":{"loc":{"start":{"line":65,"column":11},"end":{"line":69,"column":13}},"type":"binary-expr","locations":[{"start":{"line":65,"column":11},"end":{"line":65,"column":20}},{"start":{"line":66,"column":14},"end":{"line":68,"column":21}}],"line":65}},"s":{"0":2,"1":1,"2":1,"3":2,"4":1,"5":2,"6":1,"7":5,"8":5,"9":5,"10":1,"11":0},"f":{"0":2,"1":1,"2":2,"3":5,"4":0},"b":{"0":[1,1],"1":[1,1],"2":[5,3],"3":[5,3]},"_coverageSchema":"43e27e138ebf9cfc5966b082cf9a028302ed4184","hash":"33f29c2980af95728d467fd1664af4938fd5e18f"}
,"/Users/kevinomede/Desktop/sendit/src/components/container/RegisterFormContainer.jsx": {"path":"/Users/kevinomede/Desktop/sendit/src/components/container/RegisterFormContainer.jsx","statementMap":{"0":{"start":{"line":22,"column":4},"end":{"line":22,"column":60}},"1":{"start":{"line":25,"column":4},"end":{"line":25,"column":27}},"2":{"start":{"line":26,"column":23},"end":{"line":26,"column":33}},"3":{"start":{"line":27,"column":4},"end":{"line":27,"column":104}},"4":{"start":{"line":32,"column":4},"end":{"line":39,"column":5}},"5":{"start":{"line":33,"column":6},"end":{"line":35,"column":7}},"6":{"start":{"line":34,"column":8},"end":{"line":34,"column":61}},"7":{"start":{"line":36,"column":6},"end":{"line":38,"column":7}},"8":{"start":{"line":37,"column":6},"end":{"line":37,"column":43}},"9":{"start":{"line":42,"column":91},"end":{"line":42,"column":101}},"10":{"start":{"line":43,"column":45},"end":{"line":43,"column":60}},"11":{"start":{"line":44,"column":4},"end":{"line":126,"column":6}},"12":{"start":{"line":129,"column":0},"end":{"line":131,"column":2}},"13":{"start":{"line":133,"column":24},"end":{"line":135,"column":3}},"14":{"start":{"line":133,"column":34},"end":{"line":135,"column":2}}},"fnMap":{"0":{"name":"(anonymous_0)","decl":{"start":{"line":21,"column":17},"end":{"line":21,"column":18}},"loc":{"start":{"line":21,"column":28},"end":{"line":23,"column":3}},"line":21},"1":{"name":"(anonymous_1)","decl":{"start":{"line":24,"column":17},"end":{"line":24,"column":18}},"loc":{"start":{"line":24,"column":28},"end":{"line":28,"column":3}},"line":24},"2":{"name":"(anonymous_2)","decl":{"start":{"line":30,"column":2},"end":{"line":30,"column":3}},"loc":{"start":{"line":30,"column":43},"end":{"line":40,"column":3}},"line":30},"3":{"name":"(anonymous_3)","decl":{"start":{"line":41,"column":2},"end":{"line":41,"column":3}},"loc":{"start":{"line":41,"column":11},"end":{"line":127,"column":3}},"line":41},"4":{"name":"(anonymous_4)","decl":{"start":{"line":133,"column":24},"end":{"line":133,"column":25}},"loc":{"start":{"line":133,"column":34},"end":{"line":135,"column":2}},"line":133}},"branchMap":{"0":{"loc":{"start":{"line":32,"column":4},"end":{"line":39,"column":5}},"type":"if","locations":[{"start":{"line":32,"column":4},"end":{"line":39,"column":5}},{"start":{"line":32,"column":4},"end":{"line":39,"column":5}}],"line":32},"1":{"loc":{"start":{"line":33,"column":6},"end":{"line":35,"column":7}},"type":"if","locations":[{"start":{"line":33,"column":6},"end":{"line":35,"column":7}},{"start":{"line":33,"column":6},"end":{"line":35,"column":7}}],"line":33},"2":{"loc":{"start":{"line":36,"column":6},"end":{"line":38,"column":7}},"type":"if","locations":[{"start":{"line":36,"column":6},"end":{"line":38,"column":7}},{"start":{"line":36,"column":6},"end":{"line":38,"column":7}}],"line":36},"3":{"loc":{"start":{"line":48,"column":12},"end":{"line":48,"column":75}},"type":"binary-expr","locations":[{"start":{"line":48,"column":12},"end":{"line":48,"column":22}},{"start":{"line":48,"column":26},"end":{"line":48,"column":75}}],"line":48},"4":{"loc":{"start":{"line":116,"column":11},"end":{"line":120,"column":13}},"type":"binary-expr","locations":[{"start":{"line":116,"column":11},"end":{"line":116,"column":20}},{"start":{"line":117,"column":14},"end":{"line":119,"column":21}}],"line":116}},"s":{"0":2,"1":1,"2":1,"3":1,"4":5,"5":2,"6":1,"7":2,"8":1,"9":6,"10":6,"11":6,"12":1,"13":1,"14":0},"f":{"0":2,"1":1,"2":5,"3":6,"4":0},"b":{"0":[2,3],"1":[1,1],"2":[1,1],"3":[6,3],"4":[6,3]},"_coverageSchema":"43e27e138ebf9cfc5966b082cf9a028302ed4184","hash":"41b030d14e3f728e68829765b1cffb911702e723"}
,"/Users/kevinomede/Desktop/sendit/src/redux/actions/authAction.js": {"path":"/Users/kevinomede/Desktop/sendit/src/redux/actions/authAction.js","statementMap":{"0":{"start":{"line":3,"column":27},"end":{"line":13,"column":1}},"1":{"start":{"line":3,"column":80},"end":{"line":13,"column":1}},"2":{"start":{"line":4,"column":2},"end":{"line":4,"column":34}},"3":{"start":{"line":5,"column":2},"end":{"line":12,"column":3}},"4":{"start":{"line":6,"column":21},"end":{"line":6,"column":65}},"5":{"start":{"line":7,"column":4},"end":{"line":7,"column":50}},"6":{"start":{"line":8,"column":4},"end":{"line":8,"column":42}},"7":{"start":{"line":11,"column":4},"end":{"line":11,"column":84}}},"fnMap":{"0":{"name":"(anonymous_0)","decl":{"start":{"line":3,"column":27},"end":{"line":3,"column":28}},"loc":{"start":{"line":3,"column":80},"end":{"line":13,"column":1}},"line":3},"1":{"name":"(anonymous_1)","decl":{"start":{"line":3,"column":80},"end":{"line":3,"column":81}},"loc":{"start":{"line":3,"column":100},"end":{"line":13,"column":1}},"line":3}},"branchMap":{},"s":{"0":3,"1":2,"2":2,"3":2,"4":2,"5":1,"6":1,"7":1},"f":{"0":2,"1":2},"b":{},"_coverageSchema":"43e27e138ebf9cfc5966b082cf9a028302ed4184","hash":"0686ef4b942644c08e7f4bffc4a9f2b73aa654c1"}
,"/Users/kevinomede/Desktop/sendit/src/redux/actions/parcelActions.js": {"path":"/Users/kevinomede/Desktop/sendit/src/redux/actions/parcelActions.js","statementMap":{"0":{"start":{"line":11,"column":30},"end":{"line":19,"column":1}},"1":{"start":{"line":11,"column":36},"end":{"line":19,"column":1}},"2":{"start":{"line":12,"column":2},"end":{"line":12,"column":36}},"3":{"start":{"line":13,"column":2},"end":{"line":18,"column":3}},"4":{"start":{"line":14,"column":21},"end":{"line":14,"column":61}},"5":{"start":{"line":15,"column":4},"end":{"line":15,"column":72}},"6":{"start":{"line":17,"column":4},"end":{"line":17,"column":47}},"7":{"start":{"line":21,"column":30},"end":{"line":39,"column":1}},"8":{"start":{"line":21,"column":62},"end":{"line":39,"column":1}},"9":{"start":{"line":22,"column":2},"end":{"line":22,"column":36}},"10":{"start":{"line":23,"column":2},"end":{"line":38,"column":3}},"11":{"start":{"line":24,"column":21},"end":{"line":24,"column":90}},"12":{"start":{"line":25,"column":4},"end":{"line":25,"column":66}},"13":{"start":{"line":26,"column":4},"end":{"line":26,"column":59}},"14":{"start":{"line":27,"column":4},"end":{"line":27,"column":24}},"15":{"start":{"line":30,"column":4},"end":{"line":37,"column":5}},"16":{"start":{"line":34,"column":8},"end":{"line":34,"column":56}},"17":{"start":{"line":36,"column":8},"end":{"line":36,"column":46}},"18":{"start":{"line":41,"column":28},"end":{"line":61,"column":1}},"19":{"start":{"line":41,"column":48},"end":{"line":61,"column":1}},"20":{"start":{"line":42,"column":2},"end":{"line":42,"column":36}},"21":{"start":{"line":43,"column":2},"end":{"line":60,"column":3}},"22":{"start":{"line":44,"column":21},"end":{"line":44,"column":77}},"23":{"start":{"line":45,"column":4},"end":{"line":45,"column":65}},"24":{"start":{"line":46,"column":4},"end":{"line":46,"column":36}},"25":{"start":{"line":47,"column":4},"end":{"line":47,"column":24}},"26":{"start":{"line":50,"column":4},"end":{"line":59,"column":5}},"27":{"start":{"line":54,"column":8},"end":{"line":54,"column":21}},"28":{"start":{"line":55,"column":8},"end":{"line":55,"column":56}},"29":{"start":{"line":57,"column":8},"end":{"line":57,"column":21}},"30":{"start":{"line":58,"column":8},"end":{"line":58,"column":65}}},"fnMap":{"0":{"name":"(anonymous_0)","decl":{"start":{"line":11,"column":30},"end":{"line":11,"column":31}},"loc":{"start":{"line":11,"column":36},"end":{"line":19,"column":1}},"line":11},"1":{"name":"(anonymous_1)","decl":{"start":{"line":11,"column":36},"end":{"line":11,"column":37}},"loc":{"start":{"line":11,"column":56},"end":{"line":19,"column":1}},"line":11},"2":{"name":"(anonymous_2)","decl":{"start":{"line":21,"column":30},"end":{"line":21,"column":31}},"loc":{"start":{"line":21,"column":62},"end":{"line":39,"column":1}},"line":21},"3":{"name":"(anonymous_3)","decl":{"start":{"line":21,"column":62},"end":{"line":21,"column":63}},"loc":{"start":{"line":21,"column":82},"end":{"line":39,"column":1}},"line":21},"4":{"name":"(anonymous_4)","decl":{"start":{"line":41,"column":28},"end":{"line":41,"column":29}},"loc":{"start":{"line":41,"column":48},"end":{"line":61,"column":1}},"line":41},"5":{"name":"(anonymous_5)","decl":{"start":{"line":41,"column":48},"end":{"line":41,"column":49}},"loc":{"start":{"line":41,"column":68},"end":{"line":61,"column":1}},"line":41}},"branchMap":{"0":{"loc":{"start":{"line":30,"column":4},"end":{"line":37,"column":5}},"type":"switch","locations":[{"start":{"line":31,"column":6},"end":{"line":31,"column":15}},{"start":{"line":32,"column":6},"end":{"line":32,"column":15}},{"start":{"line":33,"column":6},"end":{"line":34,"column":56}},{"start":{"line":35,"column":6},"end":{"line":36,"column":46}}],"line":30},"1":{"loc":{"start":{"line":50,"column":4},"end":{"line":59,"column":5}},"type":"switch","locations":[{"start":{"line":51,"column":6},"end":{"line":51,"column":15}},{"start":{"line":52,"column":6},"end":{"line":52,"column":15}},{"start":{"line":53,"column":6},"end":{"line":55,"column":56}},{"start":{"line":56,"column":6},"end":{"line":58,"column":65}}],"line":50}},"s":{"0":1,"1":2,"2":2,"3":2,"4":2,"5":1,"6":1,"7":1,"8":5,"9":5,"10":5,"11":5,"12":1,"13":1,"14":1,"15":4,"16":3,"17":1,"18":1,"19":5,"20":5,"21":5,"22":5,"23":1,"24":1,"25":1,"26":4,"27":3,"28":3,"29":1,"30":1},"f":{"0":2,"1":2,"2":5,"3":5,"4":5,"5":5},"b":{"0":[1,2,3,1],"1":[1,2,3,1]},"_coverageSchema":"43e27e138ebf9cfc5966b082cf9a028302ed4184","hash":"506c26a79980c7b0f70e949c6f5c7400ac5d424a"}
,"/Users/kevinomede/Desktop/sendit/src/redux/actions/types.js": {"path":"/Users/kevinomede/Desktop/sendit/src/redux/actions/types.js","statementMap":{"0":{"start":{"line":1,"column":26},"end":{"line":1,"column":38}},"1":{"start":{"line":2,"column":31},"end":{"line":2,"column":48}},"2":{"start":{"line":3,"column":31},"end":{"line":3,"column":48}},"3":{"start":{"line":4,"column":49},"end":{"line":4,"column":84}},"4":{"start":{"line":5,"column":49},"end":{"line":5,"column":84}},"5":{"start":{"line":6,"column":37},"end":{"line":6,"column":60}},"6":{"start":{"line":7,"column":28},"end":{"line":7,"column":42}},"7":{"start":{"line":8,"column":28},"end":{"line":8,"column":42}},"8":{"start":{"line":9,"column":29},"end":{"line":9,"column":44}},"9":{"start":{"line":10,"column":30},"end":{"line":10,"column":46}},"10":{"start":{"line":11,"column":37},"end":{"line":11,"column":60}},"11":{"start":{"line":12,"column":31},"end":{"line":12,"column":48}},"12":{"start":{"line":13,"column":26},"end":{"line":13,"column":38}},"13":{"start":{"line":14,"column":34},"end":{"line":14,"column":54}},"14":{"start":{"line":15,"column":34},"end":{"line":15,"column":54}},"15":{"start":{"line":16,"column":34},"end":{"line":16,"column":54}},"16":{"start":{"line":17,"column":24},"end":{"line":17,"column":34}},"17":{"start":{"line":18,"column":25},"end":{"line":18,"column":36}},"18":{"start":{"line":19,"column":30},"end":{"line":19,"column":46}},"19":{"start":{"line":20,"column":32},"end":{"line":20,"column":50}},"20":{"start":{"line":21,"column":33},"end":{"line":21,"column":52}},"21":{"start":{"line":22,"column":40},"end":{"line":22,"column":66}},"22":{"start":{"line":23,"column":40},"end":{"line":23,"column":66}},"23":{"start":{"line":24,"column":40},"end":{"line":24,"column":66}},"24":{"start":{"line":25,"column":30},"end":{"line":25,"column":46}},"25":{"start":{"line":26,"column":31},"end":{"line":26,"column":48}},"26":{"start":{"line":27,"column":32},"end":{"line":27,"column":50}},"27":{"start":{"line":28,"column":28},"end":{"line":28,"column":42}}},"fnMap":{},"branchMap":{},"s":{"0":7,"1":7,"2":7,"3":7,"4":7,"5":7,"6":7,"7":7,"8":7,"9":7,"10":7,"11":7,"12":7,"13":7,"14":7,"15":7,"16":7,"17":7,"18":7,"19":7,"20":7,"21":7,"22":7,"23":7,"24":7,"25":7,"26":7,"27":7},"f":{},"b":{},"_coverageSchema":"43e27e138ebf9cfc5966b082cf9a028302ed4184","hash":"84e355d6a8597557f1a1ad790623bd0a7b5c86ae"}
,"/Users/kevinomede/Desktop/sendit/src/redux/actions/userActions.js": {"path":"/Users/kevinomede/Desktop/sendit/src/redux/actions/userActions.js","statementMap":{"0":{"start":{"line":10,"column":23},"end":{"line":25,"column":1}},"1":{"start":{"line":10,"column":31},"end":{"line":25,"column":1}},"2":{"start":{"line":11,"column":2},"end":{"line":11,"column":34}},"3":{"start":{"line":12,"column":2},"end":{"line":24,"column":3}},"4":{"start":{"line":13,"column":21},"end":{"line":13,"column":65}},"5":{"start":{"line":14,"column":4},"end":{"line":14,"column":62}},"6":{"start":{"line":16,"column":4},"end":{"line":23,"column":5}},"7":{"start":{"line":20,"column":8},"end":{"line":20,"column":56}},"8":{"start":{"line":22,"column":8},"end":{"line":22,"column":51}},"9":{"start":{"line":27,"column":24},"end":{"line":35,"column":1}},"10":{"start":{"line":27,"column":30},"end":{"line":35,"column":1}},"11":{"start":{"line":28,"column":2},"end":{"line":28,"column":34}},"12":{"start":{"line":29,"column":2},"end":{"line":34,"column":3}},"13":{"start":{"line":30,"column":21},"end":{"line":30,"column":59}},"14":{"start":{"line":31,"column":4},"end":{"line":31,"column":64}},"15":{"start":{"line":33,"column":4},"end":{"line":33,"column":47}},"16":{"start":{"line":37,"column":26},"end":{"line":55,"column":1}},"17":{"start":{"line":37,"column":46},"end":{"line":55,"column":1}},"18":{"start":{"line":38,"column":2},"end":{"line":38,"column":34}},"19":{"start":{"line":39,"column":2},"end":{"line":54,"column":3}},"20":{"start":{"line":40,"column":21},"end":{"line":40,"column":79}},"21":{"start":{"line":41,"column":4},"end":{"line":41,"column":60}},"22":{"start":{"line":42,"column":4},"end":{"line":42,"column":47}},"23":{"start":{"line":43,"column":4},"end":{"line":43,"column":24}},"24":{"start":{"line":46,"column":4},"end":{"line":53,"column":5}},"25":{"start":{"line":50,"column":8},"end":{"line":50,"column":56}},"26":{"start":{"line":52,"column":8},"end":{"line":52,"column":65}}},"fnMap":{"0":{"name":"(anonymous_0)","decl":{"start":{"line":10,"column":23},"end":{"line":10,"column":24}},"loc":{"start":{"line":10,"column":31},"end":{"line":25,"column":1}},"line":10},"1":{"name":"(anonymous_1)","decl":{"start":{"line":10,"column":31},"end":{"line":10,"column":32}},"loc":{"start":{"line":10,"column":51},"end":{"line":25,"column":1}},"line":10},"2":{"name":"(anonymous_2)","decl":{"start":{"line":27,"column":24},"end":{"line":27,"column":25}},"loc":{"start":{"line":27,"column":30},"end":{"line":35,"column":1}},"line":27},"3":{"name":"(anonymous_3)","decl":{"start":{"line":27,"column":30},"end":{"line":27,"column":31}},"loc":{"start":{"line":27,"column":50},"end":{"line":35,"column":1}},"line":27},"4":{"name":"(anonymous_4)","decl":{"start":{"line":37,"column":26},"end":{"line":37,"column":27}},"loc":{"start":{"line":37,"column":46},"end":{"line":55,"column":1}},"line":37},"5":{"name":"(anonymous_5)","decl":{"start":{"line":37,"column":46},"end":{"line":37,"column":47}},"loc":{"start":{"line":37,"column":66},"end":{"line":55,"column":1}},"line":37}},"branchMap":{"0":{"loc":{"start":{"line":16,"column":4},"end":{"line":23,"column":5}},"type":"switch","locations":[{"start":{"line":17,"column":6},"end":{"line":17,"column":15}},{"start":{"line":18,"column":6},"end":{"line":18,"column":15}},{"start":{"line":19,"column":6},"end":{"line":20,"column":56}},{"start":{"line":21,"column":6},"end":{"line":22,"column":51}}],"line":16},"1":{"loc":{"start":{"line":46,"column":4},"end":{"line":53,"column":5}},"type":"switch","locations":[{"start":{"line":47,"column":6},"end":{"line":47,"column":15}},{"start":{"line":48,"column":6},"end":{"line":48,"column":15}},{"start":{"line":49,"column":6},"end":{"line":50,"column":56}},{"start":{"line":51,"column":6},"end":{"line":52,"column":65}}],"line":46}},"s":{"0":3,"1":5,"2":5,"3":5,"4":5,"5":1,"6":4,"7":3,"8":1,"9":3,"10":3,"11":3,"12":3,"13":3,"14":1,"15":2,"16":3,"17":5,"18":5,"19":5,"20":5,"21":1,"22":1,"23":1,"24":4,"25":3,"26":1},"f":{"0":5,"1":5,"2":3,"3":3,"4":5,"5":5},"b":{"0":[1,2,3,1],"1":[1,2,3,1]},"_coverageSchema":"43e27e138ebf9cfc5966b082cf9a028302ed4184","hash":"05a8eb3f18e53a85805cf26be2b8af9d6faeb27a"}
,"/Users/kevinomede/Desktop/sendit/src/redux/actions/userParcelsAction.js": {"path":"/Users/kevinomede/Desktop/sendit/src/redux/actions/userParcelsAction.js","statementMap":{"0":{"start":{"line":16,"column":28},"end":{"line":30,"column":1}},"1":{"start":{"line":16,"column":42},"end":{"line":30,"column":1}},"2":{"start":{"line":17,"column":2},"end":{"line":17,"column":36}},"3":{"start":{"line":18,"column":2},"end":{"line":29,"column":3}},"4":{"start":{"line":19,"column":21},"end":{"line":19,"column":74}},"5":{"start":{"line":20,"column":4},"end":{"line":20,"column":66}},"6":{"start":{"line":22,"column":4},"end":{"line":28,"column":5}},"7":{"start":{"line":25,"column":8},"end":{"line":25,"column":50}},"8":{"start":{"line":27,"column":8},"end":{"line":27,"column":51}},"9":{"start":{"line":32,"column":30},"end":{"line":41,"column":1}},"10":{"start":{"line":32,"column":38},"end":{"line":41,"column":1}},"11":{"start":{"line":33,"column":2},"end":{"line":33,"column":36}},"12":{"start":{"line":34,"column":2},"end":{"line":40,"column":3}},"13":{"start":{"line":35,"column":21},"end":{"line":36,"column":105}},"14":{"start":{"line":37,"column":4},"end":{"line":37,"column":81}},"15":{"start":{"line":39,"column":4},"end":{"line":39,"column":50}},"16":{"start":{"line":43,"column":25},"end":{"line":58,"column":1}},"17":{"start":{"line":43,"column":43},"end":{"line":58,"column":1}},"18":{"start":{"line":44,"column":2},"end":{"line":44,"column":36}},"19":{"start":{"line":45,"column":2},"end":{"line":57,"column":3}},"20":{"start":{"line":46,"column":21},"end":{"line":46,"column":77}},"21":{"start":{"line":47,"column":4},"end":{"line":47,"column":74}},"22":{"start":{"line":49,"column":4},"end":{"line":56,"column":5}},"23":{"start":{"line":53,"column":8},"end":{"line":53,"column":56}},"24":{"start":{"line":55,"column":8},"end":{"line":55,"column":51}},"25":{"start":{"line":60,"column":31},"end":{"line":78,"column":1}},"26":{"start":{"line":60,"column":63},"end":{"line":78,"column":1}},"27":{"start":{"line":61,"column":2},"end":{"line":61,"column":36}},"28":{"start":{"line":62,"column":2},"end":{"line":77,"column":3}},"29":{"start":{"line":63,"column":21},"end":{"line":63,"column":93}},"30":{"start":{"line":64,"column":4},"end":{"line":64,"column":84}},"31":{"start":{"line":65,"column":4},"end":{"line":65,"column":54}},"32":{"start":{"line":66,"column":4},"end":{"line":66,"column":24}},"33":{"start":{"line":69,"column":4},"end":{"line":76,"column":5}},"34":{"start":{"line":73,"column":8},"end":{"line":73,"column":56}},"35":{"start":{"line":75,"column":8},"end":{"line":75,"column":58}},"36":{"start":{"line":80,"column":27},"end":{"line":99,"column":1}},"37":{"start":{"line":80,"column":47},"end":{"line":99,"column":1}},"38":{"start":{"line":81,"column":2},"end":{"line":81,"column":36}},"39":{"start":{"line":82,"column":2},"end":{"line":98,"column":3}},"40":{"start":{"line":83,"column":21},"end":{"line":83,"column":69}},"41":{"start":{"line":84,"column":4},"end":{"line":84,"column":64}},"42":{"start":{"line":85,"column":4},"end":{"line":85,"column":50}},"43":{"start":{"line":86,"column":4},"end":{"line":86,"column":24}},"44":{"start":{"line":89,"column":4},"end":{"line":97,"column":5}},"45":{"start":{"line":93,"column":8},"end":{"line":93,"column":56}},"46":{"start":{"line":95,"column":8},"end":{"line":96,"column":35}}},"fnMap":{"0":{"name":"(anonymous_0)","decl":{"start":{"line":16,"column":28},"end":{"line":16,"column":29}},"loc":{"start":{"line":16,"column":42},"end":{"line":30,"column":1}},"line":16},"1":{"name":"(anonymous_1)","decl":{"start":{"line":16,"column":42},"end":{"line":16,"column":43}},"loc":{"start":{"line":16,"column":62},"end":{"line":30,"column":1}},"line":16},"2":{"name":"(anonymous_2)","decl":{"start":{"line":32,"column":30},"end":{"line":32,"column":31}},"loc":{"start":{"line":32,"column":38},"end":{"line":41,"column":1}},"line":32},"3":{"name":"(anonymous_3)","decl":{"start":{"line":32,"column":38},"end":{"line":32,"column":39}},"loc":{"start":{"line":32,"column":58},"end":{"line":41,"column":1}},"line":32},"4":{"name":"(anonymous_4)","decl":{"start":{"line":43,"column":25},"end":{"line":43,"column":26}},"loc":{"start":{"line":43,"column":43},"end":{"line":58,"column":1}},"line":43},"5":{"name":"(anonymous_5)","decl":{"start":{"line":43,"column":43},"end":{"line":43,"column":44}},"loc":{"start":{"line":43,"column":63},"end":{"line":58,"column":1}},"line":43},"6":{"name":"(anonymous_6)","decl":{"start":{"line":60,"column":31},"end":{"line":60,"column":32}},"loc":{"start":{"line":60,"column":63},"end":{"line":78,"column":1}},"line":60},"7":{"name":"(anonymous_7)","decl":{"start":{"line":60,"column":63},"end":{"line":60,"column":64}},"loc":{"start":{"line":60,"column":83},"end":{"line":78,"column":1}},"line":60},"8":{"name":"(anonymous_8)","decl":{"start":{"line":80,"column":27},"end":{"line":80,"column":28}},"loc":{"start":{"line":80,"column":47},"end":{"line":99,"column":1}},"line":80},"9":{"name":"(anonymous_9)","decl":{"start":{"line":80,"column":47},"end":{"line":80,"column":48}},"loc":{"start":{"line":80,"column":67},"end":{"line":99,"column":1}},"line":80}},"branchMap":{"0":{"loc":{"start":{"line":22,"column":4},"end":{"line":28,"column":5}},"type":"switch","locations":[{"start":{"line":23,"column":6},"end":{"line":23,"column":15}},{"start":{"line":24,"column":6},"end":{"line":25,"column":50}},{"start":{"line":26,"column":6},"end":{"line":27,"column":51}}],"line":22},"1":{"loc":{"start":{"line":35,"column":21},"end":{"line":36,"column":105}},"type":"cond-expr","locations":[{"start":{"line":36,"column":4},"end":{"line":36,"column":56}},{"start":{"line":36,"column":59},"end":{"line":36,"column":105}}],"line":35},"2":{"loc":{"start":{"line":49,"column":4},"end":{"line":56,"column":5}},"type":"switch","locations":[{"start":{"line":50,"column":6},"end":{"line":50,"column":15}},{"start":{"line":51,"column":6},"end":{"line":51,"column":15}},{"start":{"line":52,"column":6},"end":{"line":53,"column":56}},{"start":{"line":54,"column":6},"end":{"line":55,"column":51}}],"line":49},"3":{"loc":{"start":{"line":69,"column":4},"end":{"line":76,"column":5}},"type":"switch","locations":[{"start":{"line":70,"column":6},"end":{"line":70,"column":15}},{"start":{"line":71,"column":6},"end":{"line":71,"column":15}},{"start":{"line":72,"column":6},"end":{"line":73,"column":56}},{"start":{"line":74,"column":6},"end":{"line":75,"column":58}}],"line":69},"4":{"loc":{"start":{"line":89,"column":4},"end":{"line":97,"column":5}},"type":"switch","locations":[{"start":{"line":90,"column":6},"end":{"line":90,"column":15}},{"start":{"line":91,"column":6},"end":{"line":91,"column":15}},{"start":{"line":92,"column":6},"end":{"line":93,"column":56}},{"start":{"line":94,"column":6},"end":{"line":96,"column":35}}],"line":89}},"s":{"0":3,"1":4,"2":4,"3":4,"4":4,"5":1,"6":3,"7":2,"8":1,"9":3,"10":4,"11":4,"12":4,"13":4,"14":2,"15":2,"16":3,"17":5,"18":5,"19":5,"20":5,"21":1,"22":4,"23":3,"24":1,"25":3,"26":5,"27":5,"28":5,"29":5,"30":1,"31":1,"32":1,"33":4,"34":3,"35":1,"36":3,"37":5,"38":5,"39":5,"40":5,"41":1,"42":1,"43":1,"44":4,"45":3,"46":1},"f":{"0":4,"1":4,"2":4,"3":4,"4":5,"5":5,"6":5,"7":5,"8":5,"9":5},"b":{"0":[1,2,1],"1":[2,2],"2":[1,2,3,1],"3":[1,2,3,1],"4":[1,2,3,1]},"_coverageSchema":"43e27e138ebf9cfc5966b082cf9a028302ed4184","hash":"a8883833c4864786de7a0eaccdda976725542a14"}
,"/Users/kevinomede/Desktop/sendit/src/redux/reducers/userParcelsReducer.js": {"path":"/Users/kevinomede/Desktop/sendit/src/redux/reducers/userParcelsReducer.js","statementMap":{"0":{"start":{"line":11,"column":21},"end":{"line":16,"column":1}},"1":{"start":{"line":18,"column":2},"end":{"line":56,"column":3}},"2":{"start":{"line":20,"column":6},"end":{"line":23,"column":8}},"3":{"start":{"line":25,"column":6},"end":{"line":29,"column":8}},"4":{"start":{"line":31,"column":6},"end":{"line":35,"column":8}},"5":{"start":{"line":37,"column":6},"end":{"line":41,"column":7}},"6":{"start":{"line":43,"column":6},"end":{"line":47,"column":8}},"7":{"start":{"line":46,"column":46},"end":{"line":46,"column":123}},"8":{"start":{"line":49,"column":6},"end":{"line":53,"column":8}},"9":{"start":{"line":52,"column":46},"end":{"line":52,"column":123}},"10":{"start":{"line":55,"column":6},"end":{"line":55,"column":19}}},"fnMap":{"0":{"name":"(anonymous_0)","decl":{"start":{"line":17,"column":15},"end":{"line":17,"column":16}},"loc":{"start":{"line":17,"column":49},"end":{"line":57,"column":1}},"line":17},"1":{"name":"(anonymous_1)","decl":{"start":{"line":46,"column":35},"end":{"line":46,"column":36}},"loc":{"start":{"line":46,"column":46},"end":{"line":46,"column":123}},"line":46},"2":{"name":"(anonymous_2)","decl":{"start":{"line":52,"column":35},"end":{"line":52,"column":36}},"loc":{"start":{"line":52,"column":46},"end":{"line":52,"column":123}},"line":52}},"branchMap":{"0":{"loc":{"start":{"line":17,"column":16},"end":{"line":17,"column":36}},"type":"default-arg","locations":[{"start":{"line":17,"column":24},"end":{"line":17,"column":36}}],"line":17},"1":{"loc":{"start":{"line":18,"column":2},"end":{"line":56,"column":3}},"type":"switch","locations":[{"start":{"line":19,"column":4},"end":{"line":23,"column":8}},{"start":{"line":24,"column":4},"end":{"line":29,"column":8}},{"start":{"line":30,"column":4},"end":{"line":35,"column":8}},{"start":{"line":36,"column":4},"end":{"line":41,"column":7}},{"start":{"line":42,"column":4},"end":{"line":47,"column":8}},{"start":{"line":48,"column":4},"end":{"line":53,"column":8}},{"start":{"line":54,"column":4},"end":{"line":55,"column":19}}],"line":18},"2":{"loc":{"start":{"line":46,"column":46},"end":{"line":46,"column":123}},"type":"cond-expr","locations":[{"start":{"line":46,"column":100},"end":{"line":46,"column":114}},{"start":{"line":46,"column":117},"end":{"line":46,"column":123}}],"line":46},"3":{"loc":{"start":{"line":52,"column":46},"end":{"line":52,"column":123}},"type":"cond-expr","locations":[{"start":{"line":52,"column":100},"end":{"line":52,"column":114}},{"start":{"line":52,"column":117},"end":{"line":52,"column":123}}],"line":52}},"s":{"0":1,"1":7,"2":1,"3":1,"4":1,"5":1,"6":1,"7":2,"8":1,"9":2,"10":1},"f":{"0":7,"1":2,"2":2},"b":{"0":[1],"1":[1,1,1,1,1,1,1],"2":[0,2],"3":[0,2]},"_coverageSchema":"43e27e138ebf9cfc5966b082cf9a028302ed4184","hash":"114b655ee32c8d9cb99af1caca60d598f74f6ac9"}
,"/Users/kevinomede/Desktop/sendit/src/services/utils.js": {"path":"/Users/kevinomede/Desktop/sendit/src/services/utils.js","statementMap":{"0":{"start":{"line":3,"column":20},"end":{"line":5,"column":2}},"1":{"start":{"line":8,"column":0},"end":{"line":14,"column":3}},"2":{"start":{"line":9,"column":16},"end":{"line":9,"column":45}},"3":{"start":{"line":10,"column":17},"end":{"line":10,"column":26}},"4":{"start":{"line":11,"column":2},"end":{"line":11,"column":65}},"5":{"start":{"line":11,"column":13},"end":{"line":11,"column":65}},"6":{"start":{"line":13,"column":2},"end":{"line":13,"column":16}},"7":{"start":{"line":19,"column":32},"end":{"line":29,"column":3}},"8":{"start":{"line":20,"column":21},"end":{"line":27,"column":6}},"9":{"start":{"line":28,"column":4},"end":{"line":28,"column":25}}},"fnMap":{"0":{"name":"(anonymous_0)","decl":{"start":{"line":8,"column":37},"end":{"line":8,"column":38}},"loc":{"start":{"line":8,"column":52},"end":{"line":14,"column":1}},"line":8},"1":{"name":"(anonymous_1)","decl":{"start":{"line":19,"column":32},"end":{"line":19,"column":33}},"loc":{"start":{"line":19,"column":61},"end":{"line":29,"column":3}},"line":19}},"branchMap":{"0":{"loc":{"start":{"line":11,"column":2},"end":{"line":11,"column":65}},"type":"if","locations":[{"start":{"line":11,"column":2},"end":{"line":11,"column":65}},{"start":{"line":11,"column":2},"end":{"line":11,"column":65}}],"line":11}},"s":{"0":9,"1":9,"2":0,"3":0,"4":0,"5":0,"6":0,"7":9,"8":0,"9":0},"f":{"0":0,"1":0},"b":{"0":[0,0]},"_coverageSchema":"43e27e138ebf9cfc5966b082cf9a028302ed4184","hash":"78cd533828b977e482fe61f49b244dbab54f8053"}
,"/Users/kevinomede/Desktop/sendit/src/tests/fixtures/parcels.js": {"path":"/Users/kevinomede/Desktop/sendit/src/tests/fixtures/parcels.js","statementMap":{},"fnMap":{},"branchMap":{},"s":{},"f":{},"b":{},"_coverageSchema":"43e27e138ebf9cfc5966b082cf9a028302ed4184","hash":"d8d4340c7617f840c3dcc48f36a4c4499ae34e9e"}
,"/Users/kevinomede/Desktop/sendit/src/tests/fixtures/users.js": {"path":"/Users/kevinomede/Desktop/sendit/src/tests/fixtures/users.js","statementMap":{},"fnMap":{},"branchMap":{},"s":{},"f":{},"b":{},"_coverageSchema":"43e27e138ebf9cfc5966b082cf9a028302ed4184","hash":"1443dac250495e0b771ae1dd200cf62396b3d0d4"}
}
