TN:
SF:/Users/kevinomede/Desktop/sendit/src/redux/actions/authAction.js
FN:3,(anonymous_0)
FN:3,(anonymous_1)
FNF:2
FNH:2
FNDA:2,(anonymous_0)
FNDA:2,(anonymous_1)
DA:3,2
DA:4,2
DA:5,2
DA:6,2
DA:7,1
DA:8,1
DA:11,1
LF:7
LH:7
BRF:0
BRH:0
end_of_record
TN:
SF:/Users/kevinomede/Desktop/sendit/src/redux/actions/parcelActions.js
FN:11,(anonymous_0)
FN:11,(anonymous_1)
FN:21,(anonymous_2)
FN:21,(anonymous_3)
FN:41,(anonymous_4)
FN:41,(anonymous_5)
FNF:6
FNH:6
FNDA:2,(anonymous_0)
FNDA:2,(anonymous_1)
FNDA:5,(anonymous_2)
FNDA:5,(anonymous_3)
FNDA:5,(anonymous_4)
FNDA:5,(anonymous_5)
DA:11,2
DA:12,2
DA:13,2
DA:14,2
DA:15,1
DA:17,1
DA:21,5
DA:22,5
DA:23,5
DA:24,5
DA:25,1
DA:26,1
DA:27,1
DA:30,4
DA:34,3
DA:36,1
DA:41,5
DA:42,5
DA:43,5
DA:44,5
DA:45,1
DA:46,1
DA:47,1
DA:50,4
DA:54,3
DA:55,3
DA:57,1
DA:58,1
LF:28
LH:28
BRDA:30,0,0,1
BRDA:30,0,1,2
BRDA:30,0,2,3
BRDA:30,0,3,1
BRDA:50,1,0,1
BRDA:50,1,1,2
BRDA:50,1,2,3
BRDA:50,1,3,1
BRF:8
BRH:8
end_of_record
TN:
SF:/Users/kevinomede/Desktop/sendit/src/redux/actions/types.js
FNF:0
FNH:0
DA:1,4
DA:2,4
DA:3,4
DA:4,4
DA:5,4
DA:6,4
DA:7,4
DA:8,4
DA:9,4
DA:10,4
DA:11,4
DA:12,4
DA:13,4
DA:14,4
DA:15,4
DA:16,4
DA:17,4
DA:18,4
DA:19,4
DA:20,4
DA:21,4
DA:22,4
DA:23,4
DA:24,4
DA:25,4
DA:26,4
DA:27,4
DA:28,4
LF:28
LH:28
BRF:0
BRH:0
end_of_record
TN:
SF:/Users/kevinomede/Desktop/sendit/src/redux/actions/userActions.js
FN:10,(anonymous_0)
FN:10,(anonymous_1)
FN:27,(anonymous_2)
FN:27,(anonymous_3)
FN:37,(anonymous_4)
FN:37,(anonymous_5)
FNF:6
FNH:6
FNDA:5,(anonymous_0)
FNDA:5,(anonymous_1)
FNDA:3,(anonymous_2)
FNDA:3,(anonymous_3)
FNDA:5,(anonymous_4)
FNDA:5,(anonymous_5)
DA:10,5
DA:11,5
DA:12,5
DA:13,5
DA:14,1
DA:16,4
DA:20,3
DA:22,1
DA:27,3
DA:28,3
DA:29,3
DA:30,3
DA:31,1
DA:33,2
DA:37,5
DA:38,5
DA:39,5
DA:40,5
DA:41,1
DA:42,1
DA:43,1
DA:46,4
DA:50,3
DA:52,1
LF:24
LH:24
BRDA:16,0,0,1
BRDA:16,0,1,2
BRDA:16,0,2,3
BRDA:16,0,3,1
BRDA:46,1,0,1
BRDA:46,1,1,2
BRDA:46,1,2,3
BRDA:46,1,3,1
BRF:8
BRH:8
end_of_record
TN:
SF:/Users/kevinomede/Desktop/sendit/src/redux/actions/userParcelsAction.js
FN:16,(anonymous_0)
FN:16,(anonymous_1)
FN:32,(anonymous_2)
FN:32,(anonymous_3)
FN:43,(anonymous_4)
FN:43,(anonymous_5)
FN:60,(anonymous_6)
FN:60,(anonymous_7)
FN:80,(anonymous_8)
FN:80,(anonymous_9)
FNF:10
FNH:10
FNDA:4,(anonymous_0)
FNDA:4,(anonymous_1)
FNDA:4,(anonymous_2)
FNDA:4,(anonymous_3)
FNDA:5,(anonymous_4)
FNDA:5,(anonymous_5)
FNDA:5,(anonymous_6)
FNDA:5,(anonymous_7)
FNDA:5,(anonymous_8)
FNDA:5,(anonymous_9)
DA:16,4
DA:17,4
DA:18,4
DA:19,4
DA:20,1
DA:22,3
DA:25,2
DA:27,1
DA:32,4
DA:33,4
DA:34,4
DA:35,4
DA:37,2
DA:39,2
DA:43,5
DA:44,5
DA:45,5
DA:46,5
DA:47,1
DA:49,4
DA:53,3
DA:55,1
DA:60,5
DA:61,5
DA:62,5
DA:63,5
DA:64,1
DA:65,1
DA:66,1
DA:69,4
DA:73,3
DA:75,1
DA:80,5
DA:81,5
DA:82,5
DA:83,5
DA:84,1
DA:85,1
DA:86,1
DA:89,4
DA:93,3
DA:95,1
LF:42
LH:42
BRDA:22,0,0,1
BRDA:22,0,1,2
BRDA:22,0,2,1
BRDA:35,1,0,2
BRDA:35,1,1,2
BRDA:49,2,0,1
BRDA:49,2,1,2
BRDA:49,2,2,3
BRDA:49,2,3,1
BRDA:69,3,0,1
BRDA:69,3,1,2
BRDA:69,3,2,3
BRDA:69,3,3,1
BRDA:89,4,0,1
BRDA:89,4,1,2
BRDA:89,4,2,3
BRDA:89,4,3,1
BRF:17
BRH:17
end_of_record
TN:
SF:/Users/kevinomede/Desktop/sendit/src/redux/reducers/userParcelsReducer.js
FN:17,(anonymous_0)
FN:46,(anonymous_1)
FN:52,(anonymous_2)
FNF:3
FNH:3
FNDA:7,(anonymous_0)
FNDA:2,(anonymous_1)
FNDA:2,(anonymous_2)
DA:11,1
DA:18,7
DA:20,1
DA:25,1
DA:31,1
DA:37,1
DA:43,1
DA:46,2
DA:49,1
DA:52,2
DA:55,1
LF:11
LH:11
BRDA:17,0,0,1
BRDA:18,1,0,1
BRDA:18,1,1,1
BRDA:18,1,2,1
BRDA:18,1,3,1
BRDA:18,1,4,1
BRDA:18,1,5,1
BRDA:18,1,6,1
BRDA:46,2,0,0
BRDA:46,2,1,2
BRDA:52,3,0,0
BRDA:52,3,1,2
BRF:12
BRH:10
end_of_record
TN:
SF:/Users/kevinomede/Desktop/sendit/src/services/utils.js
FN:8,(anonymous_0)
FN:19,(anonymous_1)
FNF:2
FNH:0
FNDA:0,(anonymous_0)
FNDA:0,(anonymous_1)
DA:3,4
DA:8,4
DA:9,0
DA:10,0
DA:11,0
DA:13,0
DA:19,4
DA:20,0
DA:28,0
LF:9
LH:3
BRDA:11,0,0,0
BRDA:11,0,1,0
BRF:2
BRH:0
end_of_record
TN:
SF:/Users/kevinomede/Desktop/sendit/src/tests/fixtures/parcels.js
FNF:0
FNH:0
LF:0
LH:0
BRF:0
BRH:0
end_of_record
TN:
SF:/Users/kevinomede/Desktop/sendit/src/tests/fixtures/users.js
FNF:0
FNH:0
LF:0
LH:0
BRF:0
BRH:0
end_of_record
