TN:
SF:/Users/kevinomede/Desktop/sendit/src/assets/css/signin.css
FNF:0
FNH:0
DA:1,2
LF:1
LH:1
BRF:0
BRH:0
end_of_record
TN:
SF:/Users/kevinomede/Desktop/sendit/src/assets/css/style.css
FNF:0
FNH:0
DA:1,3
LF:1
LH:1
BRF:0
BRH:0
end_of_record
TN:
SF:/Users/kevinomede/Desktop/sendit/src/assets/images/top.PNG
FNF:0
FNH:0
DA:1,1
LF:1
LH:1
BRF:0
BRH:0
end_of_record
TN:
SF:/Users/kevinomede/Desktop/sendit/src/components/EditParcel.jsx
FN:15,(anonymous_0)
FN:49,(anonymous_1)
FN:52,(anonymous_2)
FNF:3
FNH:2
FNDA:0,(anonymous_0)
FNDA:4,(anonymous_1)
FNDA:7,(anonymous_2)
DA:16,0
DA:17,0
DA:18,0
DA:19,0
DA:20,0
DA:23,0
DA:28,0
DA:29,0
DA:34,0
DA:35,0
DA:38,0
DA:41,0
DA:42,0
DA:50,4
DA:53,7
DA:91,2
LF:16
LH:3
BRDA:18,0,0,0
BRDA:18,0,1,0
BRDA:19,1,0,0
BRDA:19,1,1,0
BRDA:19,2,0,0
BRDA:19,2,1,0
BRDA:19,2,2,0
BRDA:34,3,0,0
BRDA:34,3,1,0
BRDA:56,4,0,7
BRDA:56,4,1,0
BRDA:80,5,0,7
BRDA:80,5,1,0
BRF:13
BRH:2
end_of_record
TN:
SF:/Users/kevinomede/Desktop/sendit/src/components/ListUser.jsx
FN:16,(anonymous_0)
FN:19,(anonymous_1)
FN:23,(anonymous_2)
FN:27,(anonymous_3)
FN:56,(anonymous_4)
FN:74,(anonymous_5)
FNF:6
FNH:6
FNDA:1,(anonymous_0)
FNDA:2,(anonymous_1)
FNDA:1,(anonymous_2)
FNDA:4,(anonymous_3)
FNDA:8,(anonymous_4)
FNDA:1,(anonymous_5)
DA:17,1
DA:20,2
DA:24,1
DA:28,4
DA:31,4
DA:41,4
DA:57,8
DA:74,1
DA:102,1
LF:9
LH:9
BRDA:60,0,0,8
BRDA:60,0,1,8
BRDA:72,1,0,8
BRDA:72,1,1,4
BRF:4
BRH:4
end_of_record
TN:
SF:/Users/kevinomede/Desktop/sendit/src/components/LoginPage.jsx
FN:4,(anonymous_0)
FNF:1
FNH:1
FNDA:1,(anonymous_0)
DA:4,1
DA:5,1
LF:2
LH:2
BRF:0
BRH:0
end_of_record
TN:
SF:/Users/kevinomede/Desktop/sendit/src/components/ParcelItem.jsx
FN:5,(anonymous_0)
FNF:1
FNH:1
FNDA:2,(anonymous_0)
DA:5,2
DA:6,2
DA:41,2
LF:3
LH:3
BRDA:27,0,0,1
BRDA:27,0,1,1
BRF:2
BRH:2
end_of_record
TN:
SF:/Users/kevinomede/Desktop/sendit/src/components/ProfilePage.jsx
FN:13,(anonymous_0)
FN:23,(anonymous_1)
FN:25,(anonymous_2)
FN:26,(anonymous_3)
FN:94,(anonymous_4)
FNF:5
FNH:4
FNDA:2,(anonymous_0)
FNDA:1,(anonymous_1)
FNDA:2,(anonymous_2)
FNDA:2,(anonymous_3)
FNDA:0,(anonymous_4)
DA:14,2
DA:15,0
DA:16,0
DA:17,0
DA:18,0
DA:24,1
DA:25,2
DA:26,2
DA:27,1
DA:89,1
DA:94,1
LF:11
LH:7
BRDA:14,0,0,0
BRDA:14,0,1,2
BRF:2
BRH:1
end_of_record
TN:
SF:/Users/kevinomede/Desktop/sendit/src/components/RegisterPage.jsx
FN:6,(anonymous_0)
FNF:1
FNH:1
FNDA:1,(anonymous_0)
DA:6,1
DA:7,1
LF:2
LH:2
BRF:0
BRH:0
end_of_record
TN:
SF:/Users/kevinomede/Desktop/sendit/src/components/UserParcelsList.jsx
FN:16,(anonymous_0)
FN:16,(anonymous_1)
FN:20,(anonymous_2)
FN:23,(anonymous_3)
FN:27,(anonymous_4)
FN:31,(anonymous_5)
FN:34,(anonymous_6)
FN:97,(anonymous_7)
FN:112,(anonymous_8)
FN:116,(anonymous_9)
FN:156,(anonymous_10)
FNF:11
FNH:10
FNDA:21,(anonymous_0)
FNDA:1,(anonymous_1)
FNDA:1,(anonymous_2)
FNDA:1,(anonymous_3)
FNDA:1,(anonymous_4)
FNDA:1,(anonymous_5)
FNDA:5,(anonymous_6)
FNDA:10,(anonymous_7)
FNDA:1,(anonymous_8)
FNDA:1,(anonymous_9)
FNDA:0,(anonymous_10)
DA:16,21
DA:17,1
DA:18,1
DA:21,1
DA:24,1
DA:28,1
DA:32,1
DA:35,5
DA:36,5
DA:39,5
DA:49,5
DA:50,1
DA:52,4
DA:53,1
DA:61,3
DA:62,1
DA:65,2
DA:69,5
DA:70,1
DA:72,4
DA:73,1
DA:76,3
DA:79,5
DA:98,10
DA:112,1
DA:116,1
DA:150,1
DA:156,1
LF:28
LH:28
BRDA:49,0,0,1
BRDA:49,0,1,4
BRDA:52,1,0,1
BRDA:52,1,1,3
BRDA:61,2,0,1
BRDA:61,2,1,2
BRDA:69,3,0,1
BRDA:69,3,1,4
BRDA:72,4,0,1
BRDA:72,4,1,3
BRDA:105,5,0,5
BRDA:105,5,1,5
BRDA:128,6,0,1
BRDA:128,6,1,4
BRDA:136,7,0,5
BRDA:136,7,1,1
BRF:16
BRH:16
end_of_record
TN:
SF:/Users/kevinomede/Desktop/sendit/src/components/common/Aside.jsx
FN:4,(anonymous_0)
FNF:1
FNH:1
FNDA:1,(anonymous_0)
DA:5,1
LF:1
LH:1
BRF:0
BRH:0
end_of_record
TN:
SF:/Users/kevinomede/Desktop/sendit/src/components/container/LoginFormContainer.jsx
FN:16,(anonymous_0)
FN:20,(anonymous_1)
FN:25,(anonymous_2)
FN:33,(anonymous_3)
FN:81,(anonymous_4)
FNF:5
FNH:4
FNDA:2,(anonymous_0)
FNDA:1,(anonymous_1)
FNDA:2,(anonymous_2)
FNDA:5,(anonymous_3)
FNDA:0,(anonymous_4)
DA:17,2
DA:21,1
DA:22,1
DA:26,2
DA:27,1
DA:29,2
DA:30,1
DA:34,5
DA:35,5
DA:36,5
DA:81,1
LF:11
LH:11
BRDA:26,0,0,1
BRDA:26,0,1,1
BRDA:29,1,0,1
BRDA:29,1,1,1
BRDA:39,2,0,5
BRDA:39,2,1,3
BRDA:65,3,0,5
BRDA:65,3,1,3
BRF:8
BRH:8
end_of_record
TN:
SF:/Users/kevinomede/Desktop/sendit/src/components/container/RegisterFormContainer.jsx
FN:21,(anonymous_0)
FN:24,(anonymous_1)
FN:30,(anonymous_2)
FN:41,(anonymous_3)
FN:133,(anonymous_4)
FNF:5
FNH:4
FNDA:2,(anonymous_0)
FNDA:1,(anonymous_1)
FNDA:5,(anonymous_2)
FNDA:6,(anonymous_3)
FNDA:0,(anonymous_4)
DA:22,2
DA:25,1
DA:26,1
DA:27,1
DA:32,5
DA:33,2
DA:34,1
DA:36,2
DA:37,1
DA:42,6
DA:43,6
DA:44,6
DA:129,1
DA:133,1
LF:14
LH:14
BRDA:32,0,0,2
BRDA:32,0,1,3
BRDA:33,1,0,1
BRDA:33,1,1,1
BRDA:36,2,0,1
BRDA:36,2,1,1
BRDA:48,3,0,6
BRDA:48,3,1,3
BRDA:116,4,0,6
BRDA:116,4,1,3
BRF:10
BRH:10
end_of_record
TN:
SF:/Users/kevinomede/Desktop/sendit/src/redux/actions/authAction.js
FN:3,(anonymous_0)
FN:3,(anonymous_1)
FNF:2
FNH:2
FNDA:2,(anonymous_0)
FNDA:2,(anonymous_1)
DA:3,3
DA:4,2
DA:5,2
DA:6,2
DA:7,1
DA:8,1
DA:11,1
LF:7
LH:7
BRF:0
BRH:0
end_of_record
TN:
SF:/Users/kevinomede/Desktop/sendit/src/redux/actions/parcelActions.js
FN:11,(anonymous_0)
FN:11,(anonymous_1)
FN:21,(anonymous_2)
FN:21,(anonymous_3)
FN:41,(anonymous_4)
FN:41,(anonymous_5)
FNF:6
FNH:6
FNDA:2,(anonymous_0)
FNDA:2,(anonymous_1)
FNDA:5,(anonymous_2)
FNDA:5,(anonymous_3)
FNDA:5,(anonymous_4)
FNDA:5,(anonymous_5)
DA:11,2
DA:12,2
DA:13,2
DA:14,2
DA:15,1
DA:17,1
DA:21,5
DA:22,5
DA:23,5
DA:24,5
DA:25,1
DA:26,1
DA:27,1
DA:30,4
DA:34,3
DA:36,1
DA:41,5
DA:42,5
DA:43,5
DA:44,5
DA:45,1
DA:46,1
DA:47,1
DA:50,4
DA:54,3
DA:55,3
DA:57,1
DA:58,1
LF:28
LH:28
BRDA:30,0,0,1
BRDA:30,0,1,2
BRDA:30,0,2,3
BRDA:30,0,3,1
BRDA:50,1,0,1
BRDA:50,1,1,2
BRDA:50,1,2,3
BRDA:50,1,3,1
BRF:8
BRH:8
end_of_record
TN:
SF:/Users/kevinomede/Desktop/sendit/src/redux/actions/types.js
FNF:0
FNH:0
DA:1,7
DA:2,7
DA:3,7
DA:4,7
DA:5,7
DA:6,7
DA:7,7
DA:8,7
DA:9,7
DA:10,7
DA:11,7
DA:12,7
DA:13,7
DA:14,7
DA:15,7
DA:16,7
DA:17,7
DA:18,7
DA:19,7
DA:20,7
DA:21,7
DA:22,7
DA:23,7
DA:24,7
DA:25,7
DA:26,7
DA:27,7
DA:28,7
LF:28
LH:28
BRF:0
BRH:0
end_of_record
TN:
SF:/Users/kevinomede/Desktop/sendit/src/redux/actions/userActions.js
FN:10,(anonymous_0)
FN:10,(anonymous_1)
FN:27,(anonymous_2)
FN:27,(anonymous_3)
FN:37,(anonymous_4)
FN:37,(anonymous_5)
FNF:6
FNH:6
FNDA:5,(anonymous_0)
FNDA:5,(anonymous_1)
FNDA:3,(anonymous_2)
FNDA:3,(anonymous_3)
FNDA:5,(anonymous_4)
FNDA:5,(anonymous_5)
DA:10,5
DA:11,5
DA:12,5
DA:13,5
DA:14,1
DA:16,4
DA:20,3
DA:22,1
DA:27,3
DA:28,3
DA:29,3
DA:30,3
DA:31,1
DA:33,2
DA:37,5
DA:38,5
DA:39,5
DA:40,5
DA:41,1
DA:42,1
DA:43,1
DA:46,4
DA:50,3
DA:52,1
LF:24
LH:24
BRDA:16,0,0,1
BRDA:16,0,1,2
BRDA:16,0,2,3
BRDA:16,0,3,1
BRDA:46,1,0,1
BRDA:46,1,1,2
BRDA:46,1,2,3
BRDA:46,1,3,1
BRF:8
BRH:8
end_of_record
TN:
SF:/Users/kevinomede/Desktop/sendit/src/redux/actions/userParcelsAction.js
FN:16,(anonymous_0)
FN:16,(anonymous_1)
FN:32,(anonymous_2)
FN:32,(anonymous_3)
FN:43,(anonymous_4)
FN:43,(anonymous_5)
FN:60,(anonymous_6)
FN:60,(anonymous_7)
FN:80,(anonymous_8)
FN:80,(anonymous_9)
FNF:10
FNH:10
FNDA:4,(anonymous_0)
FNDA:4,(anonymous_1)
FNDA:4,(anonymous_2)
FNDA:4,(anonymous_3)
FNDA:5,(anonymous_4)
FNDA:5,(anonymous_5)
FNDA:5,(anonymous_6)
FNDA:5,(anonymous_7)
FNDA:5,(anonymous_8)
FNDA:5,(anonymous_9)
DA:16,4
DA:17,4
DA:18,4
DA:19,4
DA:20,1
DA:22,3
DA:25,2
DA:27,1
DA:32,4
DA:33,4
DA:34,4
DA:35,4
DA:37,2
DA:39,2
DA:43,5
DA:44,5
DA:45,5
DA:46,5
DA:47,1
DA:49,4
DA:53,3
DA:55,1
DA:60,5
DA:61,5
DA:62,5
DA:63,5
DA:64,1
DA:65,1
DA:66,1
DA:69,4
DA:73,3
DA:75,1
DA:80,5
DA:81,5
DA:82,5
DA:83,5
DA:84,1
DA:85,1
DA:86,1
DA:89,4
DA:93,3
DA:95,1
LF:42
LH:42
BRDA:22,0,0,1
BRDA:22,0,1,2
BRDA:22,0,2,1
BRDA:35,1,0,2
BRDA:35,1,1,2
BRDA:49,2,0,1
BRDA:49,2,1,2
BRDA:49,2,2,3
BRDA:49,2,3,1
BRDA:69,3,0,1
BRDA:69,3,1,2
BRDA:69,3,2,3
BRDA:69,3,3,1
BRDA:89,4,0,1
BRDA:89,4,1,2
BRDA:89,4,2,3
BRDA:89,4,3,1
BRF:17
BRH:17
end_of_record
TN:
SF:/Users/kevinomede/Desktop/sendit/src/redux/reducers/userParcelsReducer.js
FN:17,(anonymous_0)
FN:46,(anonymous_1)
FN:52,(anonymous_2)
FNF:3
FNH:3
FNDA:7,(anonymous_0)
FNDA:2,(anonymous_1)
FNDA:2,(anonymous_2)
DA:11,1
DA:18,7
DA:20,1
DA:25,1
DA:31,1
DA:37,1
DA:43,1
DA:46,2
DA:49,1
DA:52,2
DA:55,1
LF:11
LH:11
BRDA:17,0,0,1
BRDA:18,1,0,1
BRDA:18,1,1,1
BRDA:18,1,2,1
BRDA:18,1,3,1
BRDA:18,1,4,1
BRDA:18,1,5,1
BRDA:18,1,6,1
BRDA:46,2,0,0
BRDA:46,2,1,2
BRDA:52,3,0,0
BRDA:52,3,1,2
BRF:12
BRH:10
end_of_record
TN:
SF:/Users/kevinomede/Desktop/sendit/src/services/utils.js
FN:8,(anonymous_0)
FN:19,(anonymous_1)
FNF:2
FNH:0
FNDA:0,(anonymous_0)
FNDA:0,(anonymous_1)
DA:3,9
DA:8,9
DA:9,0
DA:10,0
DA:11,0
DA:13,0
DA:19,9
DA:20,0
DA:28,0
LF:9
LH:3
BRDA:11,0,0,0
BRDA:11,0,1,0
BRF:2
BRH:0
end_of_record
TN:
SF:/Users/kevinomede/Desktop/sendit/src/tests/fixtures/parcels.js
FNF:0
FNH:0
LF:0
LH:0
BRF:0
BRH:0
end_of_record
TN:
SF:/Users/kevinomede/Desktop/sendit/src/tests/fixtures/users.js
FNF:0
FNH:0
LF:0
LH:0
BRF:0
BRH:0
end_of_record
